<?xml version="1.0" encoding="UTF-8"?>
<!-- Generated by org.testng.reporters.JUnitReportReporter -->
<testsuite skipped="0" hostname="DESKTOP-K28UI66" name="testScenarios.LoginTestScearios" tests="1" failures="0" timestamp="25 Jul 2017 12:14:57 GMT" time="40.399" errors="0">
  <testcase name="test2" time="40.399" classname="testScenarios.LoginTestScearios"/>
</testsuite> <!-- testScenarios.LoginTestScearios -->
